# JRE version: Java(TM) SE Runtime Environment (8.0_121-b13) (build 1.8.0_121-b13)
# Java VM: Java HotSpot(TM) 64-Bit Server VM (25.121-b13 mixed mode windows-amd64 compressed oops)
Heap:
 PSYoungGen      total 272384K, used 79K [0x00000000d5580000, 0x00000000f0200000, 0x0000000100000000)
  eden space 265216K, 0% used [0x00000000d5580000,0x00000000d5580000,0x00000000e5880000)
  from space 7168K, 1% used [0x00000000e5880000,0x00000000e5893f40,0x00000000e5f80000)
  to   space 6144K, 0% used [0x00000000e5f80000,0x00000000e5f80000,0x00000000e6580000)
 ParOldGen       total 87552K, used 9075K [0x0000000080000000, 0x0000000085580000, 0x00000000d5580000)
  object space 87552K, 10% used [0x0000000080000000,0x00000000808dcc00,0x0000000085580000)
 Metaspace       used 14369K, capacity 14992K, committed 15232K, reserved 1062912K
  class space    used 1919K, capacity 2062K, committed 2176K, reserved 1048576K
GC Heap History (10 events):
Event: 2.273 GC heap after
Heap after GC invocations=10 (full 0):
 PSYoungGen      total 271360K, used 63K [0x00000000d5580000, 0x00000000e6780000, 0x0000000100000000)
  eden space 265216K, 0% used [0x00000000d5580000,0x00000000d5580000,0x00000000e5880000)
  from space 6144K, 1% used [0x00000000e5f80000,0x00000000e5f8fe68,0x00000000e6580000)
  to   space 7168K, 0% used [0x00000000e5880000,0x00000000e5880000,0x00000000e5f80000)
 ParOldGen       total 87552K, used 9075K [0x0000000080000000, 0x0000000085580000, 0x00000000d5580000)
  object space 87552K, 10% used [0x0000000080000000,0x00000000808dcc00,0x0000000085580000)
 Metaspace       used 14369K, capacity 14992K, committed 15232K, reserved 1062912K
  class space    used 1919K, capacity 2062K, committed 2176K, reserved 1048576K
}
Event: 2.348 GC heap before
{Heap before GC invocations=11 (full 0):
 PSYoungGen      total 271360K, used 265279K [0x00000000d5580000, 0x00000000e6780000, 0x0000000100000000)
  eden space 265216K, 100% used [0x00000000d5580000,0x00000000e5880000,0x00000000e5880000)
  from space 6144K, 1% used [0x00000000e5f80000,0x00000000e5f8fe68,0x00000000e6580000)
  to   space 7168K, 0% used [0x00000000e5880000,0x00000000e5880000,0x00000000e5f80000)
 ParOldGen       total 87552K, used 9075K [0x0000000080000000, 0x0000000085580000, 0x00000000d5580000)
  object space 87552K, 10% used [0x0000000080000000,0x00000000808dcc00,0x0000000085580000)
 Metaspace       used 14369K, capacity 14992K, committed 15232K, reserved 1062912K
  class space    used 1919K, capacity 2062K, committed 2176K, reserved 1048576K
Event: 2.348 GC heap after
Heap after GC invocations=11 (full 0):
 PSYoungGen      total 272384K, used 102K [0x00000000d5580000, 0x00000000e6780000, 0x0000000100000000)
  eden space 265216K, 0% used [0x00000000d5580000,0x00000000d5580000,0x00000000e5880000)
  from space 7168K, 1% used [0x00000000e5880000,0x00000000e5899b90,0x00000000e5f80000)
  to   space 6144K, 0% used [0x00000000e5f80000,0x00000000e5f80000,0x00000000e6580000)
 ParOldGen       total 87552K, used 9075K [0x0000000080000000, 0x0000000085580000, 0x00000000d5580000)
  object space 87552K, 10% used [0x0000000080000000,0x00000000808dcc00,0x0000000085580000)
 Metaspace       used 14369K, capacity 14992K, committed 15232K, reserved 1062912K
  class space    used 1919K, capacity 2062K, committed 2176K, reserved 1048576K
}
Event: 2.425 GC heap before
{Heap before GC invocations=12 (full 0):
 PSYoungGen      total 272384K, used 265318K [0x00000000d5580000, 0x00000000e6780000, 0x0000000100000000)
  eden space 265216K, 100% used [0x00000000d5580000,0x00000000e5880000,0x00000000e5880000)
  from space 7168K, 1% used [0x00000000e5880000,0x00000000e5899b90,0x00000000e5f80000)
  to   space 6144K, 0% used [0x00000000e5f80000,0x00000000e5f80000,0x00000000e6580000)
 ParOldGen       total 87552K, used 9075K [0x0000000080000000, 0x0000000085580000, 0x00000000d5580000)
  object space 87552K, 10% used [0x0000000080000000,0x00000000808dcc00,0x0000000085580000)
 Metaspace       used 14369K, capacity 14992K, committed 15232K, reserved 1062912K
  class space    used 1919K, capacity 2062K, committed 2176K, reserved 1048576K
Event: 2.426 GC heap after
Heap after GC invocations=12 (full 0):
 PSYoungGen      total 271360K, used 109K [0x00000000d5580000, 0x00000000e6780000, 0x0000000100000000)
  eden space 265216K, 0% used [0x00000000d5580000,0x00000000d5580000,0x00000000e5880000)
  from space 6144K, 1% used [0x00000000e5f80000,0x00000000e5f9b740,0x00000000e6580000)
  to   space 7168K, 0% used [0x00000000e5880000,0x00000000e5880000,0x00000000e5f80000)
 ParOldGen       total 87552K, used 9075K [0x0000000080000000, 0x0000000085580000, 0x00000000d5580000)
  object space 87552K, 10% used [0x0000000080000000,0x00000000808dcc00,0x0000000085580000)
 Metaspace       used 14369K, capacity 14992K, committed 15232K, reserved 1062912K
  class space    used 1919K, capacity 2062K, committed 2176K, reserved 1048576K
}
Event: 2.521 GC heap before
{Heap before GC invocations=13 (full 0):
 PSYoungGen      total 271360K, used 265325K [0x00000000d5580000, 0x00000000e6780000, 0x0000000100000000)
  eden space 265216K, 100% used [0x00000000d5580000,0x00000000e5880000,0x00000000e5880000)
  from space 6144K, 1% used [0x00000000e5f80000,0x00000000e5f9b740,0x00000000e6580000)
  to   space 7168K, 0% used [0x00000000e5880000,0x00000000e5880000,0x00000000e5f80000)
 ParOldGen       total 87552K, used 9075K [0x0000000080000000, 0x0000000085580000, 0x00000000d5580000)
  object space 87552K, 10% used [0x0000000080000000,0x00000000808dcc00,0x0000000085580000)
 Metaspace       used 14369K, capacity 14992K, committed 15232K, reserved 1062912K
  class space    used 1919K, capacity 2062K, committed 2176K, reserved 1048576K
Event: 2.522 GC heap after
Heap after GC invocations=13 (full 0):
 PSYoungGen      total 272384K, used 158K [0x00000000d5580000, 0x00000000e6780000, 0x0000000100000000)
  eden space 265216K, 0% used [0x00000000d5580000,0x00000000d5580000,0x00000000e5880000)
  from space 7168K, 2% used [0x00000000e5880000,0x00000000e58a78f8,0x00000000e5f80000)
  to   space 6144K, 0% used [0x00000000e5f80000,0x00000000e5f80000,0x00000000e6580000)
 ParOldGen       total 87552K, used 9075K [0x0000000080000000, 0x0000000085580000, 0x00000000d5580000)
  object space 87552K, 10% used [0x0000000080000000,0x00000000808dcc00,0x0000000085580000)
 Metaspace       used 14369K, capacity 14992K, committed 15232K, reserved 1062912K
  class space    used 1919K, capacity 2062K, committed 2176K, reserved 1048576K
}
Event: 2.590 GC heap before
{Heap before GC invocations=14 (full 0):
 PSYoungGen      total 272384K, used 265374K [0x00000000d5580000, 0x00000000e6780000, 0x0000000100000000)
  eden space 265216K, 100% used [0x00000000d5580000,0x00000000e5880000,0x00000000e5880000)
  from space 7168K, 2% used [0x00000000e5880000,0x00000000e58a78f8,0x00000000e5f80000)
  to   space 6144K, 0% used [0x00000000e5f80000,0x00000000e5f80000,0x00000000e6580000)
 ParOldGen       total 87552K, used 9075K [0x0000000080000000, 0x0000000085580000, 0x00000000d5580000)
  object space 87552K, 10% used [0x0000000080000000,0x00000000808dcc00,0x0000000085580000)
 Metaspace       used 14369K, capacity 14992K, committed 15232K, reserved 1062912K
  class space    used 1919K, capacity 2062K, committed 2176K, reserved 1048576K
Event: 2.590 GC heap after
Heap after GC invocations=14 (full 0):
 PSYoungGen      total 271360K, used 122K [0x00000000d5580000, 0x00000000e6780000, 0x0000000100000000)
  eden space 265216K, 0% used [0x00000000d5580000,0x00000000d5580000,0x00000000e5880000)
  from space 6144K, 1% used [0x00000000e5f80000,0x00000000e5f9e850,0x00000000e6580000)
  to   space 7168K, 0% used [0x00000000e5880000,0x00000000e5880000,0x00000000e5f80000)
 ParOldGen       total 87552K, used 9075K [0x0000000080000000, 0x0000000085580000, 0x00000000d5580000)
  object space 87552K, 10% used [0x0000000080000000,0x00000000808dcc00,0x0000000085580000)
 Metaspace       used 14369K, capacity 14992K, committed 15232K, reserved 1062912K
  class space    used 1919K, capacity 2062K, committed 2176K, reserved 1048576K
}
Event: 2.659 GC heap before
{Heap before GC invocations=15 (full 0):
 PSYoungGen      total 271360K, used 265338K [0x00000000d5580000, 0x00000000e6780000, 0x0000000100000000)
  eden space 265216K, 100% used [0x00000000d5580000,0x00000000e5880000,0x00000000e5880000)
  from space 6144K, 1% used [0x00000000e5f80000,0x00000000e5f9e850,0x00000000e6580000)
  to   space 7168K, 0% used [0x00000000e5880000,0x00000000e5880000,0x00000000e5f80000)
 ParOldGen       total 87552K, used 9075K [0x0000000080000000, 0x0000000085580000, 0x00000000d5580000)
  object space 87552K, 10% used [0x0000000080000000,0x00000000808dcc00,0x0000000085580000)
 Metaspace       used 14369K, capacity 14992K, committed 15232K, reserved 1062912K
  class space    used 1919K, capacity 2062K, committed 2176K, reserved 1048576K

